0.7540239691734314 0.7566171288490295
0.750394344329834 0.7532303929328918
0.7472976446151733 0.7506632804870605
0.7445750832557678 0.7479261755943298
1.2866666316986084 1.2840873003005981
1.2394052743911743 1.2036370038986206
1.1735882759094238 1.1523422002792358
1.1333829164505005 1.1204077005386353
1.1057113409042358 1.0964511632919312
1.0843898057937622 1.0777301788330078
1.067449927330017 1.0623338222503662
1.0531128644943237 1.0490186214447021
1.0405412912368774 1.0369164943695068
1.0285321474075317 1.0255364179611206
1.020527720451355 1.020532488822937
1.0156584978103638 1.0157490968704224
1.010958194732666 1.0111459493637085
1.0064343214035034 1.0067131519317627
1.0020593404769897 1.0023958683013916
0.997806966304779 0.9981865882873535
0.9936224222183228 0.9940361380577087
0.9894723296165466 0.9899049401283264
0.9853570461273193 0.9858093857765198
0.9812653064727783 0.9817321300506592
0.9770960211753845 0.9774631857872009
0.9738290905952454 0.9752519726753235
0.9716365337371826 0.9730296730995178
0.9693512320518494 0.9707275032997131
0.96703040599823 0.9684026837348938
0.9646121263504028 0.965923547744751
