1.2649739980697632 1.0603965520858765
0.9899200797080994 0.941402018070221
0.9050653576850891 0.878422737121582
0.8518654108047485 0.8345354199409485
0.8167480826377869 0.8072996735572815
0.7943457365036011 0.7899904251098633
0.7791511416435242 0.7771150469779968
0.7678289413452148 0.7675110697746277
0.758500337600708 0.7591040134429932
0.7505155205726624 0.7515385746955872
0.7434780597686768 0.745428204536438
0.737429141998291 0.7395204305648804
0.732051432132721 0.7346379160881042
0.727548360824585 0.7306644916534424
0.7236389517784119 0.7268500328063965
0.7200402021408081 0.7234604954719543
0.7169305682182312 0.7208613753318787
0.7142533659934998 0.7180609703063965
0.7118467092514038 0.7160203456878662
0.7094227075576782 0.7136120796203613
0.7072401642799377 0.7114779949188232
0.7051650881767273 0.7097606062889099
0.7031552791595459 0.7077304124832153
0.7013611793518066 0.705923318862915
0.6996405124664307 0.7042308449745178
0.6980404853820801 0.7026124596595764
0.6964524388313293 0.7010472416877747
0.6949459910392761 0.7001081705093384
0.6935837268829346 0.6982635259628296
0.6922619938850403 0.6969098448753357
