1.3825769424438477 1.1525652408599854
1.0682578086853027 1.006458044052124
0.9640920758247375 0.9346822500228882
0.9075179100036621 0.8915267586708069
0.8733422160148621 0.8655351996421814
0.8524587750434875 0.8489622473716736
0.8385953903198242 0.8376826047897339
0.8284932374954224 0.8289566040039062
0.8205390572547913 0.8219794034957886
0.8139652609825134 0.8161057829856873
0.8084186315536499 0.810831606388092
0.8035227060317993 0.8064091801643372
0.799181342124939 0.8025684356689453
0.7952212691307068 0.7989206314086914
0.7915917634963989 0.7952538728713989
0.7883690595626831 0.7920114994049072
0.7853145599365234 0.7894278168678284
0.7826849222183228 0.7867411375045776
0.7801467776298523 0.7845115065574646
0.7778075337409973 0.7821938395500183
0.775616466999054 0.7799222469329834
0.7735084295272827 0.7779685854911804
0.7714902758598328 0.7764762043952942
0.7695439457893372 0.7740309834480286
0.7676435112953186 0.7718842029571533
0.7655865550041199 0.7701164484024048
0.763714611530304 0.7681483030319214
0.7616762518882751 0.7662819623947144
0.7597706913948059 0.7641485333442688
0.7579237818717957 0.7627456188201904
