1.3290456533432007 1.1251543760299683
1.0550192594528198 1.0070571899414062
0.9712464213371277 0.9449887871742249
0.9182997345924377 0.9004765748977661
1.074929118156433 0.99896639585495
0.9614441990852356 0.9363713264465332
0.9157401919364929 0.9021480679512024
0.8864789009094238 0.8774827718734741
0.8655344247817993 0.8603731393814087
0.8506312370300293 0.8477252721786499
0.8391440510749817 0.8377612829208374
0.8298346400260925 0.82944256067276
0.8219115138053894 0.822165846824646
0.8148708939552307 0.8155472278594971
0.8085486888885498 0.8097366094589233
0.8028239011764526 0.8043640851974487
0.7976457476615906 0.7996222972869873
0.7929717898368835 0.7951474189758301
0.7886134386062622 0.7911735773086548
0.7845277786254883 0.7871452569961548
0.7807279825210571 0.7835016250610352
0.7771764397621155 0.7801791429519653
0.7739822268486023 0.7770426869392395
0.770996630191803 0.7741349935531616
0.7681735754013062 0.771580696105957
0.7656187415122986 0.7690298557281494
0.7632101774215698 0.7668439149856567
0.7610121369361877 0.7647440433502197
0.7589003443717957 0.7625645995140076
0.7569147944450378 0.7606264352798462
