1.5576897859573364 1.4584944248199463
1.3469940423965454 1.242889642715454
1.1753101348876953 1.1231179237365723
1.0844846963882446 1.0551345348358154
1.0305380821228027 1.0150014162063599
0.9989784955978394 0.9902530312538147
0.9772849082946777 0.9707823991775513
0.9589568376541138 0.9533907175064087
0.9418148994445801 0.9363991022109985
0.9247591495513916 0.9193359613418579
0.9075900316238403 0.9024698734283447
0.8910408020019531 0.8867179155349731
0.8759496212005615 0.872532844543457
0.862718939781189 0.8600155115127563
0.8512138724327087 0.8492916226387024
0.8412392735481262 0.8399826884269714
0.8326451182365417 0.8320783376693726
0.825254499912262 0.8252014517784119
0.818893551826477 0.8195961713790894
0.813386857509613 0.8144009709358215
0.8085830807685852 0.8099249601364136
0.8043041825294495 0.8061408996582031
0.8005260825157166 0.8025742769241333
0.7970963716506958 0.7993971109390259
0.7939557433128357 0.7965901494026184
0.791128933429718 0.7938546538352966
0.7884683609008789 0.7915049195289612
0.7860383987426758 0.7893549799919128
0.7837212085723877 0.7871206402778625
0.7815231680870056 0.7849801182746887
